#
# There is insufficient memory for the Java Runtime Environment to continue.
# Native memory allocation (malloc) failed to allocate 1048576 bytes for AllocateHeap
# Possible reasons:
#   The system is out of physical RAM or swap space
#   In 32 bit mode, the process size limit was hit
# Possible solutions:
#   Reduce memory load on the system
#   Increase physical memory or swap space
#   Check if swap backing store is full
#   Use 64 bit Java on a 64 bit OS
#   Decrease Java heap size (-Xmx/-Xms)
#   Decrease number of Java threads
#   Decrease Java thread stack sizes (-Xss)
#   Set larger code cache with -XX:ReservedCodeCacheSize=
# This output file may be truncated or incomplete.
#
#  Out of Memory Error (memory/allocation.inline.hpp:61), pid=12140, tid=0x00000000000000f4
#
# JRE version:  (8.0_151-b12) (build )
# Java VM: Java HotSpot(TM) 64-Bit Server VM (25.151-b12 mixed mode windows-amd64 compressed oops)
# Failed to write core dump. Minidumps are not enabled by default on client versions of Windows
#

---------------  T H R E A D  ---------------

Current thread (0x000000000307d800):  JavaThread "Unknown thread" [_thread_in_vm, id=244, stack(0x00000000031e0000,0x00000000032e0000)]

Stack: [0x00000000031e0000,0x00000000032e0000]
[error occurred during error reporting (printing stack bounds), id 0xc0000005]

Native frames: (J=compiled Java code, j=interpreted, Vv=VM code, C=native code)


---------------  P R O C E S S  ---------------

Java Threads: ( => current thread )

Other Threads:

=>0x000000000307d800 (exited) JavaThread "Unknown thread" [_thread_in_vm, id=244, stack(0x00000000031e0000,0x00000000032e0000)]

VM state:not at safepoint (normal execution)

VM Mutex/Monitor currently owned by a thread: None

Heap:
 PSYoungGen      total 38400K, used 665K [0x00000000d5f00000, 0x00000000d8980000, 0x0000000100000000)
  eden space 33280K, 2% used [0x00000000d5f00000,0x00000000d5fa6670,0x00000000d7f80000)
  from space 5120K, 0% used [0x00000000d8480000,0x00000000d8480000,0x00000000d8980000)
  to   space 5120K, 0% used [0x00000000d7f80000,0x00000000d7f80000,0x00000000d8480000)
 ParOldGen       total 87552K, used 0K [0x0000000081c00000, 0x0000000087180000, 0x00000000d5f00000)
  object space 87552K, 0% used [0x0000000081c00000,0x0000000081c00000,0x0000000087180000)
 Metaspace       used 770K, capacity 4480K, committed 4480K, reserved 1056768K
  class space    used 75K, capacity 384K, committed 384K, reserved 1048576K

Card table byte_map: [0x00000000127a0000,0x0000000012ba0000] byte_map_base: 0x0000000012392000

Marking Bits: (ParMarkBitMap*) 0x000000005baed850
 Begin Bits: [0x0000000013250000, 0x00000000151e0000)
 End Bits:   [0x00000000151e0000, 0x0000000017170000)

Polling page: 0x0000000003000000

CodeCache: size=245760Kb used=328Kb max_used=328Kb free=245431Kb
 bounds [0x00000000033e0000, 0x0000000003650000, 0x00000000123e0000]
 total_blobs=58 nmethods=0 adapters=38
 compilation: enabled

Compilation events (0 events):
No events

GC Heap History (0 events):
No events

Deoptimization events (0 events):
No events

Internal exceptions (0 events):
No events

Events (10 events):
Event: 0.041 loading class java/lang/Short
Event: 0.041 loading class java/lang/Short done
Event: 0.041 loading class java/lang/Integer
Event: 0.041 loading class java/lang/Integer done
Event: 0.041 loading class java/lang/Long
Event: 0.041 loading class java/lang/Long done
Event: 0.042 loading class java/lang/NullPointerException
Event: 0.043 loading class java/lang/NullPointerException done
Event: 0.043 loading class java/lang/ArithmeticException
Event: 0.043 loading class java/lang/ArithmeticException done


Dynamic libraries:
0x00007ff77e470000 - 0x00007ff77e4a7000 	C:\Program Files\Java\jdk1.8.0_151\jre\bin\java.exe
0x00007ff9a84a0000 - 0x00007ff9a8672000 	C:\WINDOWS\SYSTEM32\ntdll.dll
0x00007ff9a7de0000 - 0x00007ff9a7e8c000 	C:\WINDOWS\System32\KERNEL32.DLL
0x00007ff9a5670000 - 0x00007ff9a588d000 	C:\WINDOWS\System32\KERNELBASE.dll
0x00007ff9a81e0000 - 0x00007ff9a8282000 	C:\WINDOWS\System32\ADVAPI32.dll
0x00007ff9a7bd0000 - 0x00007ff9a7c6e000 	C:\WINDOWS\System32\msvcrt.dll
0x00007ff9a83d0000 - 0x00007ff9a8429000 	C:\WINDOWS\System32\sechost.dll
0x00007ff9a6290000 - 0x00007ff9a63b1000 	C:\WINDOWS\System32\RPCRT4.dll
0x00007ff9a7a00000 - 0x00007ff9a7b65000 	C:\WINDOWS\System32\USER32.dll
0x00007ff9a4c80000 - 0x00007ff9a4c9e000 	C:\WINDOWS\System32\win32u.dll
0x00007ff9a82b0000 - 0x00007ff9a82e4000 	C:\WINDOWS\System32\GDI32.dll
0x00007ff9a4b00000 - 0x00007ff9a4c80000 	C:\WINDOWS\System32\gdi32full.dll
0x00007ff992180000 - 0x00007ff9923fa000 	C:\WINDOWS\WinSxS\amd64_microsoft.windows.common-controls_6595b64144ccf1df_6.0.14393.953_none_42151e83c686086b\COMCTL32.dll
0x00007ff9a5fc0000 - 0x00007ff9a6288000 	C:\WINDOWS\System32\combase.dll
0x00007ff9a5890000 - 0x00007ff9a5985000 	C:\WINDOWS\System32\ucrtbase.dll
0x00007ff9a5600000 - 0x00007ff9a566a000 	C:\WINDOWS\System32\bcryptPrimitives.dll
0x00007ff9a8390000 - 0x00007ff9a83be000 	C:\WINDOWS\System32\IMM32.DLL
0x000000005b1f0000 - 0x000000005b2c2000 	C:\Program Files\Java\jdk1.8.0_151\jre\bin\msvcr100.dll
0x000000005b2d0000 - 0x000000005bb6d000 	C:\Program Files\Java\jdk1.8.0_151\jre\bin\server\jvm.dll
0x00007ff9a6420000 - 0x00007ff9a6428000 	C:\WINDOWS\System32\PSAPI.DLL
0x00007ff9a13a0000 - 0x00007ff9a13a9000 	C:\WINDOWS\SYSTEM32\WSOCK32.dll
0x00007ff9a2850000 - 0x00007ff9a2873000 	C:\WINDOWS\SYSTEM32\WINMM.dll
0x00007ff994d70000 - 0x00007ff994d7a000 	C:\WINDOWS\SYSTEM32\VERSION.dll
0x00007ff9a27d0000 - 0x00007ff9a27fb000 	C:\WINDOWS\SYSTEM32\WINMMBASE.dll
0x00007ff9a8170000 - 0x00007ff9a81da000 	C:\WINDOWS\System32\WS2_32.dll
0x00007ff9a4a50000 - 0x00007ff9a4a92000 	C:\WINDOWS\System32\cfgmgr32.dll
0x000000005bee0000 - 0x000000005beef000 	C:\Program Files\Java\jdk1.8.0_151\jre\bin\verify.dll
0x000000005beb0000 - 0x000000005bed9000 	C:\Program Files\Java\jdk1.8.0_151\jre\bin\java.dll
0x000000005be90000 - 0x000000005bea6000 	C:\Program Files\Java\jdk1.8.0_151\jre\bin\zip.dll

VM Arguments:
java_command: C:\Users\js_cm\OneDrive\Documentos\NetBeansProjects\Proyecto-segundo\last\Prosth-Store-Mongo\prosth-store-mongo-web\target\surefire\surefirebooter4643164909310892221.jar C:\Users\js_cm\OneDrive\Documentos\NetBeansProjects\Proyecto-segundo\last\Prosth-Store-Mongo\prosth-store-mongo-web\target\surefire\surefire7618653421959361089tmp C:\Users\js_cm\OneDrive\Documentos\NetBeansProjects\Proyecto-segundo\last\Prosth-Store-Mongo\prosth-store-mongo-web\target\surefire\surefire3356831184073354088tmp
java_class_path (initial): C:\Users\js_cm\OneDrive\Documentos\NetBeansProjects\Proyecto-segundo\last\Prosth-Store-Mongo\prosth-store-mongo-web\target\surefire\surefirebooter4643164909310892221.jar
Launcher Type: SUN_STANDARD

Environment Variables:
JAVA_HOME=C:\Program Files\Java\jdk1.8.0_151
PATH=C:\app\js_cm\product\11.2.0\dbhome_2\bin;C:\ProgramData\Oracle\Java\javapath;C:\Program Files (x86)\Intel\iCLS Client\;C:\Program Files\Intel\iCLS Client\;C:\WINDOWS\system32;C:\WINDOWS;C:\WINDOWS\System32\Wbem;C:\WINDOWS\System32\WindowsPowerShell\v1.0\;C:\Program Files (x86)\Intel\Intel(R) Management Engine Components\DAL;C:\Program Files\Intel\Intel(R) Management Engine Components\DAL;C:\Program Files (x86)\Intel\Intel(R) Management Engine Components\IPT;C:\Program Files\Intel\Intel(R) Management Engine Components\IPT;C:\Users\js_cm\Desktop\sqldeveloper\jdk\jre\bin;C:\Program Files\Microsoft SQL Server\110\Tools\Binn\;C:\Program Files (x86)\Skype\Phone\;C:\Program Files\Intel\WiFi\bin\;C:\Program Files\Common Files\Intel\WirelessCommon\;C:\Program Files\NetBeans 8.2\java\maven\bin;C:\Program Files\Redis\;C:\Program Files\IBM\SPSS\Statistics\25\JRE\bin;C:\Users\js_cm\AppData\Local\Microsoft\WindowsApps;
USERNAME=js_cm
OS=Windows_NT
PROCESSOR_IDENTIFIER=Intel64 Family 6 Model 78 Stepping 3, GenuineIntel



---------------  S Y S T E M  ---------------

OS: Windows 10.0 , 64 bit Build 14393 (10.0.14393.1198)

CPU:total 4 (initial active 4) (2 cores per cpu, 2 threads per core) family 6 model 78 stepping 3, cmov, cx8, fxsr, mmx, sse, sse2, sse3, ssse3, sse4.1, sse4.2, popcnt, avx, avx2, aes, clmul, erms, 3dnowpref, lzcnt, ht, tsc, tscinvbit, bmi1, bmi2, adx

Memory: 4k page, physical 8269992k(1057004k free), swap 15206332k(4760k free)

vm_info: Java HotSpot(TM) 64-Bit Server VM (25.151-b12) for windows-amd64 JRE (1.8.0_151-b12), built on Sep  5 2017 19:33:46 by "java_re" with MS VC++ 10.0 (VS2010)

time: Wed Feb 14 02:04:39 2018
elapsed time: 0 seconds (0d 0h 0m 0s)

